<?xml version="1.0" encoding="UTF-8"?>
<!-- Generated by org.testng.reporters.JUnitXMLReporter -->
<testsuite ignored="0" hostname="LTIN197029" failures="1" tests="1" name="LoginError" time="10.515" errors="0" timestamp="2022-10-25T21:17:36 IST">
  <testcase classname="framework.ErrorValidation" name="errorValidation" time="0.543">
    <failure type="java.lang.AssertionError" message="expected [Incorrect email or password.] but found [Incorrect email  password.]">
      <![CDATA[java.lang.AssertionError: expected [Incorrect email or password.] but found [Incorrect email  password.]
at framework.ErrorValidation.errorValidation(ErrorValidation.java:41)
at java.base/java.util.ArrayList.forEach(ArrayList.java:1511)
... Removed 33 stack frames]]>
    </failure>
  </testcase> <!-- errorValidation -->
</testsuite> <!-- LoginError -->
